
> postiz-frontend@1.0.0 build C:\Users\FH\Desktop\projects\SWIFTSAI\Swiftsai-app\apps\frontend
> next build

⚠ Warning: Next.js inferred your workspace root, but it may not be correct.
 We detected multiple lockfiles and selected the directory of C:\Users\FH\package-lock.json as the root directory.
 To silence this warning, set `turbopack.root` in your Next.js config, or consider removing one of the lockfiles if it's not needed.
   See https://nextjs.org/docs/app/api-reference/config/next-config-js/turbopack#root-directory for more information.
 Detected additional lockfiles: 
   * C:\Users\FH\Desktop\projects\SWIFTSAI\Swiftsai-app\pnpm-workspace.yaml
   * C:\Users\FH\Desktop\pnpm-lock.yaml

▲ Next.js 16.2.1 (Turbopack)
- Experiments (use with caution):
  · clientTraceMetadata
  · proxyTimeout: 90000

  Creating an optimized production build ...
✓ Compiled successfully in 115s
  Running next.config.js provided runAfterProductionCompile ...
✓ Completed runAfterProductionCompile in 12.6s
  Running TypeScript ...
  Finished TypeScript in 101s ...
  Collecting page data using 11 workers ...
🌐 i18next is maintained with support from Locize — consider powering your project with managed localization (AI, CDN, integrations): https://locize.com 💙
🌐 i18next is maintained with support from Locize — consider powering your project with managed localization (AI, CDN, integrations): https://locize.com 💙
🌐 i18next is maintained with support from Locize — consider powering your project with managed localization (AI, CDN, integrations): https://locize.com 💙
🌐 i18next is maintained with support from Locize — consider powering your project with managed localization (AI, CDN, integrations): https://locize.com 💙
🌐 i18next is maintained with support from Locize — consider powering your project with managed localization (AI, CDN, integrations): https://locize.com 💙
🌐 i18next is maintained with support from Locize — consider powering your project with managed localization (AI, CDN, integrations): https://locize.com 💙
🌐 i18next is maintained with support from Locize — consider powering your project with managed localization (AI, CDN, integrations): https://locize.com 💙
🌐 i18next is maintained with support from Locize — consider powering your project with managed localization (AI, CDN, integrations): https://locize.com 💙
  Generating static pages using 11 workers (0/2) ...
✓ Generating static pages using 11 workers (2/2) in 1580ms
  Finalizing page optimization ...

Route (app)
┌ ○ /_not-found
├ ƒ /agents
├ ƒ /agents/[id]
├ ƒ /analytics
├ ƒ /api/uploads/[[...path]]
├ ƒ /auth
├ ƒ /auth/activate
├ ƒ /auth/activate/[code]
├ ƒ /auth/forgot
├ ƒ /auth/forgot/[token]
├ ƒ /auth/login
├ ƒ /auth/login-required
├ ƒ /billing
├ ƒ /billing/lifetime
├ ƒ /campaigns
├ ƒ /err
├ ƒ /home
├ ƒ /inbox
├ ƒ /integrations/social/[provider]
├ ƒ /launches
├ ƒ /leads
├ ƒ /media
├ ƒ /modal/[style]/[platform]
├ ƒ /oauth/authorize
├ ƒ /p/[id]
├ ƒ /plugs
├ ƒ /settings
└ ƒ /third-party


ƒ Proxy (Middleware)

○  (Static)   prerendered as static content
ƒ  (Dynamic)  server-rendered on demand

